<?xml version="1.0" encoding="UTF-8"?>
<!-- Generated by org.testng.reporters.JUnitXMLReporter -->
<testsuite hostname="Ravi" ignored="0" name="LeadRBAFilters_TC10" tests="2" failures="0" timestamp="2020-12-01T13:44:28 IST" time="519.566" errors="0">
  <testcase name="Test_Config17" time="127.741" classname="Leads_Configurations.Lead_Config17"/>
  <testcase name="LeadCreation_LeadRBAFilter_TC10" time="282.307" classname="Lead_Creation_Allocation.LeadRBAFilters_TC10"/>
</testsuite> <!-- LeadRBAFilters_TC10 -->
