<?xml version="1.0" encoding="UTF-8"?>
<!-- Generated by org.testng.reporters.JUnitXMLReporter -->
<testsuite hostname="Ravi" ignored="0" name="ExistingOpportunity_TC08" tests="2" failures="0" timestamp="2020-12-16T13:42:17 IST" time="629.631" errors="0">
  <testcase name="Test_Config15" time="66.483" classname="Leads_Configurations.Lead_Config15"/>
  <testcase name="LeadCreation_ExistingOpportunity_TC08" time="455.36" classname="Lead_Creation_Allocation.ExistingOpportunity_TC08"/>
</testsuite> <!-- ExistingOpportunity_TC08 -->
