<?xml version="1.0" encoding="UTF-8"?>
<!-- Generated by org.testng.reporters.JUnitXMLReporter -->
<testsuite hostname="Ravi" ignored="0" name="AccountConfig10" tests="4" failures="1" timestamp="2020-11-30T09:45:58 IST" time="930.679" errors="0">
  <testcase name="TestAccountConfig10" time="72.493" classname="Accountconfiguration.AccountConfig10"/>
  <testcase name="AccountCreation_config10" time="274.744" classname="AccountCreation_Allocation.AccountAllocation_config10"/>
  <testcase name="EditTeamsetup" time="85.455" classname="EditTeamSetupAccount.EditTeamAcc_config10"/>
  <testcase name="AccountManualDistribution10" time="271.626" classname="AccountDistribution.ManualDistributionAccountt10">
    <failure type="java.lang.AssertionError" message="Assigned RRD user name is not matching expected [true] but found [false]">
      <![CDATA[java.lang.AssertionError: Assigned RRD user name is not matching expected [true] but found [false]
at AccountDistribution.ManualDistributionAccountt10.AccountManualDistribution10(ManualDistributionAccountt10.java:123)
at java.util.ArrayList.forEach(ArrayList.java:1257)
... Removed 30 stack frames]]>
    </failure>
  </testcase> <!-- AccountManualDistribution10 -->
</testsuite> <!-- AccountConfig10 -->
