<?xml version="1.0" encoding="UTF-8"?>
<!-- Generated by org.testng.reporters.JUnitXMLReporter -->
<testsuite hostname="Ravi" ignored="0" name="AccountConfig12" tests="2" failures="0" timestamp="2020-12-17T13:51:14 IST" time="536.241" errors="0">
  <testcase name="TestAccountConfig12" time="69.126" classname="Accountconfiguration.AccountConfig12"/>
  <testcase name="AccountCreation_config12" time="367.749" classname="AccountCreation_Allocation.AccountAllocation_config12"/>
</testsuite> <!-- AccountConfig12 -->
