<?xml version="1.0" encoding="UTF-8"?>
<!-- Generated by org.testng.reporters.JUnitXMLReporter -->
<testsuite hostname="Ravi" ignored="0" name="ExistingOpportunity_TC05" tests="2" failures="1" timestamp="2020-12-16T13:01:37 IST" time="257.702" errors="0">
  <testcase name="Test_Config12" time="68.516" classname="Leads_Configurations.Lead_Config12"/>
  <testcase name="LeadCreation_ExistingOpportunity_TC05" time="81.855" classname="Lead_Creation_Allocation.ExistingOpportunity_TC05">
    <failure type="org.openqa.selenium.ElementClickInterceptedException" message="element click intercepted: Element &amp;lt;span class=&amp;quot; label bBody&amp;quot; dir=&amp;quot;ltr&amp;quot; data-aura-rendered-by=&amp;quot;772:2004;a&amp;quot;&amp;gt;...&amp;lt;/span&amp;gt; is not clickable at point (1008, 751). Other element would receive the click: &amp;lt;label class=&amp;quot;label inputLabel uiLabel-top form-element__label uiLabel&amp;quot; for=&amp;quot;591:2663;a&amp;quot; data-aura-rendered-by=&amp;quot;1925:0&amp;quot; data-aura-class=&amp;quot;uiLabel&amp;quot;&amp;gt;...&amp;lt;/label&amp;gt;
  (Session info: chrome=83.0.4103.61)
Build info: version: &amp;apos;3.141.59&amp;apos;, revision: &amp;apos;e82be7d358&amp;apos;, time: &amp;apos;2018-11-14T08:17:03&amp;apos;
System info: host: &amp;apos;RAVI&amp;apos;, ip: &amp;apos;192.168.1.107&amp;apos;, os.name: &amp;apos;Windows 10&amp;apos;, os.arch: &amp;apos;amd64&amp;apos;, os.version: &amp;apos;10.0&amp;apos;, java.version: &amp;apos;1.8.0_202&amp;apos;
Driver info: org.openqa.selenium.chrome.ChromeDriver
Capabilities {acceptInsecureCerts: false, browserName: chrome, browserVersion: 83.0.4103.61, chrome: {chromedriverVersion: 83.0.4103.39 (ccbf011cb2d2b..., userDataDir: C:\Users\RAISIG~1\AppData\L...}, goog:chromeOptions: {debuggerAddress: localhost:57914}, javascriptEnabled: true, networkConnectionEnabled: false, pageLoadStrategy: normal, platform: WINDOWS, platformName: WINDOWS, proxy: Proxy(), setWindowRect: true, strictFileInteractability: false, timeouts: {implicit: 0, pageLoad: 300000, script: 30000}, unhandledPromptBehavior: dismiss and notify, webauthn:virtualAuthenticators: true}
Session ID: 85841c0947bcd7ceafde035d2886ddbd">
      <![CDATA[org.openqa.selenium.ElementClickInterceptedException: element click intercepted: Element <span class=" label bBody" dir="ltr" data-aura-rendered-by="772:2004;a">...</span> is not clickable at point (1008, 751). Other element would receive the click: <label class="label inputLabel uiLabel-top form-element__label uiLabel" for="591:2663;a" data-aura-rendered-by="1925:0" data-aura-class="uiLabel">...</label>
  (Session info: chrome=83.0.4103.61)
Build info: version: '3.141.59', revision: 'e82be7d358', time: '2018-11-14T08:17:03'
System info: host: 'RAVI', ip: '192.168.1.107', os.name: 'Windows 10', os.arch: 'amd64', os.version: '10.0', java.version: '1.8.0_202'
Driver info: org.openqa.selenium.chrome.ChromeDriver
Capabilities {acceptInsecureCerts: false, browserName: chrome, browserVersion: 83.0.4103.61, chrome: {chromedriverVersion: 83.0.4103.39 (ccbf011cb2d2b..., userDataDir: C:\Users\RAISIG~1\AppData\L...}, goog:chromeOptions: {debuggerAddress: localhost:57914}, javascriptEnabled: true, networkConnectionEnabled: false, pageLoadStrategy: normal, platform: WINDOWS, platformName: WINDOWS, proxy: Proxy(), setWindowRect: true, strictFileInteractability: false, timeouts: {implicit: 0, pageLoad: 300000, script: 30000}, unhandledPromptBehavior: dismiss and notify, webauthn:virtualAuthenticators: true}
Session ID: 85841c0947bcd7ceafde035d2886ddbd
at org.openqa.selenium.remote.http.W3CHttpResponseCodec.createException(W3CHttpResponseCodec.java:187)
at org.openqa.selenium.remote.http.W3CHttpResponseCodec.decode(W3CHttpResponseCodec.java:122)
at org.openqa.selenium.remote.http.W3CHttpResponseCodec.decode(W3CHttpResponseCodec.java:49)
at org.openqa.selenium.remote.HttpCommandExecutor.execute(HttpCommandExecutor.java:158)
at org.openqa.selenium.remote.service.DriverCommandExecutor.execute(DriverCommandExecutor.java:83)
at org.openqa.selenium.remote.RemoteWebDriver.execute(RemoteWebDriver.java:552)
at org.openqa.selenium.remote.RemoteWebElement.execute(RemoteWebElement.java:285)
at org.openqa.selenium.remote.RemoteWebElement.click(RemoteWebElement.java:84)
at org.openqa.selenium.support.pagefactory.internal.LocatingElementHandler.invoke(LocatingElementHandler.java:51)
at com.sun.proxy.$Proxy10.click(Unknown Source)
at com.mirketa.pages.Accountpage.clickonAccounts_save(Accountpage.java:251)
at Lead_Creation_Allocation.ExistingOpportunity_TC05.LeadCreation_ExistingOpportunity_TC05(ExistingOpportunity_TC05.java:139)
at java.util.ArrayList.forEach(ArrayList.java:1257)
... Removed 34 stack frames]]>
    </failure>
  </testcase> <!-- LeadCreation_ExistingOpportunity_TC05 -->
</testsuite> <!-- ExistingOpportunity_TC05 -->
