<?xml version="1.0" encoding="UTF-8"?>
<!-- Generated by org.testng.reporters.JUnitXMLReporter -->
<testsuite hostname="Ravi" ignored="0" name="CaseAllocation_4" tests="4" failures="0" timestamp="2020-12-04T10:59:40 IST" time="991.829" errors="0">
  <testcase name="PreRBAcaseconfig" time="64.231" classname="Caseconfiguration.PreRbacaseconfig"/>
  <testcase name="PreRBAcaseAllocation" time="328.498" classname="CaseCreation_Allocation.PreRBACaseAllocation"/>
  <testcase name="TestCaseConfig4" time="64.293" classname="Caseconfiguration.CaseConfig4"/>
  <testcase name="CaseCreation_config4" time="328.087" classname="CaseCreation_Allocation.CaseAllocation_config4"/>
</testsuite> <!-- CaseAllocation_4 -->
