<?xml version="1.0" encoding="UTF-8"?>
<!-- Generated by org.testng.reporters.JUnitXMLReporter -->
<testsuite hostname="Ravi" ignored="0" name="ExistingAccountFilter_TC08" tests="2" failures="0" timestamp="2020-10-01T14:11:14 IST" time="517.316" errors="0">
  <testcase name="Test_Config22" time="95.779" classname="Leads_Configurations.Lead_Config22"/>
  <testcase name="LeadCreation_ExistingAccountFilter_TC08" time="305.162" classname="Lead_Creation_Allocation.ExistingAccountFilter_TC08"/>
</testsuite> <!-- ExistingAccountFilter_TC08 -->
