<?xml version="1.0" encoding="UTF-8"?>
<!-- Generated by org.testng.reporters.JUnitXMLReporter -->
<testsuite hostname="Ravi" ignored="0" name="ExistingOpportunity_TC06" tests="2" failures="1" timestamp="2020-09-29T11:39:24 IST" time="420.833" errors="0">
  <testcase name="Test_Config13" time="64.431" classname="Leads_Configurations.Lead_Config13">
    <failure type="java.lang.AssertionError" message="Lead Configuration data was  not submitted successfully expected [true] but found [false]">
      <![CDATA[java.lang.AssertionError: Lead Configuration data was  not submitted successfully expected [true] but found [false]
at Leads_Configurations.Lead_Config13.Test_Config13(Lead_Config13.java:115)
at java.util.ArrayList.forEach(ArrayList.java:1257)
... Removed 30 stack frames]]>
    </failure>
  </testcase> <!-- Test_Config13 -->
  <testcase name="LeadCreation_ExistingOpportunity_TC06" time="242.698" classname="Lead_Creation_Allocation.ExistingOpportunity_TC06"/>
</testsuite> <!-- ExistingOpportunity_TC06 -->
