<?xml version="1.0" encoding="UTF-8"?>
<!-- Generated by org.testng.reporters.JUnitXMLReporter -->
<testsuite hostname="Ravi" ignored="0" name="ExistingAccountFilter_TC11" tests="2" failures="1" timestamp="2020-10-01T14:40:31 IST" time="262.736" errors="0">
  <testcase name="Test_Config25" time="125.609" classname="Leads_Configurations.Lead_Config25"/>
  <testcase name="LeadCreation_ExistingAccountFilter_TC11" time="14.333" classname="Lead_Creation_Allocation.ExistingAccountFilter_TC11">
    <failure type="org.openqa.selenium.ElementClickInterceptedException" message="element click intercepted: Element &amp;lt;svg lightning-primitiveIcon_primitiveIcon=&amp;quot;&amp;quot; focusable=&amp;quot;false&amp;quot; data-key=&amp;quot;chevrondown&amp;quot; aria-hidden=&amp;quot;true&amp;quot; class=&amp;quot;slds-icon slds-icon-text-default slds-icon_xx-small&amp;quot;&amp;gt;...&amp;lt;/svg&amp;gt; is not clickable at point (1066, 29). Other element would receive the click: &amp;lt;ul class=&amp;quot;slds-global-actions&amp;quot; style=&amp;quot;&amp;quot; data-aura-rendered-by=&amp;quot;300:82;a&amp;quot;&amp;gt;...&amp;lt;/ul&amp;gt;
  (Session info: chrome=83.0.4103.61)
Build info: version: &amp;apos;3.141.59&amp;apos;, revision: &amp;apos;e82be7d358&amp;apos;, time: &amp;apos;2018-11-14T08:17:03&amp;apos;
System info: host: &amp;apos;RAVI&amp;apos;, ip: &amp;apos;192.168.1.107&amp;apos;, os.name: &amp;apos;Windows 10&amp;apos;, os.arch: &amp;apos;amd64&amp;apos;, os.version: &amp;apos;10.0&amp;apos;, java.version: &amp;apos;1.8.0_202&amp;apos;
Driver info: org.openqa.selenium.chrome.ChromeDriver
Capabilities {acceptInsecureCerts: false, browserName: chrome, browserVersion: 83.0.4103.61, chrome: {chromedriverVersion: 83.0.4103.39 (ccbf011cb2d2b..., userDataDir: C:\Users\RAISIG~1\AppData\L...}, goog:chromeOptions: {debuggerAddress: localhost:61581}, javascriptEnabled: true, networkConnectionEnabled: false, pageLoadStrategy: normal, platform: WINDOWS, platformName: WINDOWS, proxy: Proxy(), setWindowRect: true, strictFileInteractability: false, timeouts: {implicit: 0, pageLoad: 300000, script: 30000}, unhandledPromptBehavior: dismiss and notify, webauthn:virtualAuthenticators: true}
Session ID: cda7059e955444ab841da49d0988e62d">
      <![CDATA[org.openqa.selenium.ElementClickInterceptedException: element click intercepted: Element <svg lightning-primitiveIcon_primitiveIcon="" focusable="false" data-key="chevrondown" aria-hidden="true" class="slds-icon slds-icon-text-default slds-icon_xx-small">...</svg> is not clickable at point (1066, 29). Other element would receive the click: <ul class="slds-global-actions" style="" data-aura-rendered-by="300:82;a">...</ul>
  (Session info: chrome=83.0.4103.61)
Build info: version: '3.141.59', revision: 'e82be7d358', time: '2018-11-14T08:17:03'
System info: host: 'RAVI', ip: '192.168.1.107', os.name: 'Windows 10', os.arch: 'amd64', os.version: '10.0', java.version: '1.8.0_202'
Driver info: org.openqa.selenium.chrome.ChromeDriver
Capabilities {acceptInsecureCerts: false, browserName: chrome, browserVersion: 83.0.4103.61, chrome: {chromedriverVersion: 83.0.4103.39 (ccbf011cb2d2b..., userDataDir: C:\Users\RAISIG~1\AppData\L...}, goog:chromeOptions: {debuggerAddress: localhost:61581}, javascriptEnabled: true, networkConnectionEnabled: false, pageLoadStrategy: normal, platform: WINDOWS, platformName: WINDOWS, proxy: Proxy(), setWindowRect: true, strictFileInteractability: false, timeouts: {implicit: 0, pageLoad: 300000, script: 30000}, unhandledPromptBehavior: dismiss and notify, webauthn:virtualAuthenticators: true}
Session ID: cda7059e955444ab841da49d0988e62d
at org.openqa.selenium.remote.http.W3CHttpResponseCodec.createException(W3CHttpResponseCodec.java:187)
at org.openqa.selenium.remote.http.W3CHttpResponseCodec.decode(W3CHttpResponseCodec.java:122)
at org.openqa.selenium.remote.http.W3CHttpResponseCodec.decode(W3CHttpResponseCodec.java:49)
at org.openqa.selenium.remote.HttpCommandExecutor.execute(HttpCommandExecutor.java:158)
at org.openqa.selenium.remote.service.DriverCommandExecutor.execute(DriverCommandExecutor.java:83)
at org.openqa.selenium.remote.RemoteWebDriver.execute(RemoteWebDriver.java:552)
at org.openqa.selenium.remote.RemoteWebElement.execute(RemoteWebElement.java:285)
at org.openqa.selenium.remote.RemoteWebElement.click(RemoteWebElement.java:84)
at org.openqa.selenium.support.pagefactory.internal.LocatingElementHandler.invoke(LocatingElementHandler.java:51)
at com.sun.proxy.$Proxy9.click(Unknown Source)
at com.mirketa.pages.HomePage.clickOnAccountdrpdown(HomePage.java:61)
at Lead_Creation_Allocation.ExistingAccountFilter_TC11.LeadCreation_ExistingAccountFilter_TC11(ExistingAccountFilter_TC11.java:89)
at java.util.ArrayList.forEach(ArrayList.java:1257)
... Removed 35 stack frames]]>
    </failure>
  </testcase> <!-- LeadCreation_ExistingAccountFilter_TC11 -->
</testsuite> <!-- ExistingAccountFilter_TC11 -->
