<?xml version="1.0" encoding="UTF-8"?>
<!-- Generated by org.testng.reporters.JUnitXMLReporter -->
<testsuite hostname="Ravi" ignored="0" name="Lead_Field_TC07" tests="2" failures="1" timestamp="2020-10-05T16:19:47 IST" time="261.335" errors="0">
  <testcase name="Test_Config14" time="68.601" classname="Leads_Configurations.Lead_Config14"/>
  <testcase name="LeadCreation_ExistingOpportunity_TC07" time="80.909" classname="Lead_Creation_Allocation.ExistingOpportunity_TC07">
    <failure type="org.openqa.selenium.ElementClickInterceptedException" message="element click intercepted: Element &amp;lt;span class=&amp;quot; label bBody&amp;quot; dir=&amp;quot;ltr&amp;quot; data-aura-rendered-by=&amp;quot;931:1805;a&amp;quot;&amp;gt;...&amp;lt;/span&amp;gt; is not clickable at point (1008, 789). Other element would receive the click: &amp;lt;span class=&amp;quot; label bBody&amp;quot; dir=&amp;quot;ltr&amp;quot; data-aura-rendered-by=&amp;quot;1687:0&amp;quot;&amp;gt;...&amp;lt;/span&amp;gt;
  (Session info: chrome=83.0.4103.61)
Build info: version: &amp;apos;3.141.59&amp;apos;, revision: &amp;apos;e82be7d358&amp;apos;, time: &amp;apos;2018-11-14T08:17:03&amp;apos;
System info: host: &amp;apos;RAVI&amp;apos;, ip: &amp;apos;192.168.1.107&amp;apos;, os.name: &amp;apos;Windows 10&amp;apos;, os.arch: &amp;apos;amd64&amp;apos;, os.version: &amp;apos;10.0&amp;apos;, java.version: &amp;apos;1.8.0_202&amp;apos;
Driver info: org.openqa.selenium.chrome.ChromeDriver
Capabilities {acceptInsecureCerts: false, browserName: chrome, browserVersion: 83.0.4103.61, chrome: {chromedriverVersion: 83.0.4103.39 (ccbf011cb2d2b..., userDataDir: C:\Users\RAISIG~1\AppData\L...}, goog:chromeOptions: {debuggerAddress: localhost:63857}, javascriptEnabled: true, networkConnectionEnabled: false, pageLoadStrategy: normal, platform: WINDOWS, platformName: WINDOWS, proxy: Proxy(), setWindowRect: true, strictFileInteractability: false, timeouts: {implicit: 0, pageLoad: 300000, script: 30000}, unhandledPromptBehavior: dismiss and notify, webauthn:virtualAuthenticators: true}
Session ID: 11100db72c5c7f6a66e537f6537e8a2d">
      <![CDATA[org.openqa.selenium.ElementClickInterceptedException: element click intercepted: Element <span class=" label bBody" dir="ltr" data-aura-rendered-by="931:1805;a">...</span> is not clickable at point (1008, 789). Other element would receive the click: <span class=" label bBody" dir="ltr" data-aura-rendered-by="1687:0">...</span>
  (Session info: chrome=83.0.4103.61)
Build info: version: '3.141.59', revision: 'e82be7d358', time: '2018-11-14T08:17:03'
System info: host: 'RAVI', ip: '192.168.1.107', os.name: 'Windows 10', os.arch: 'amd64', os.version: '10.0', java.version: '1.8.0_202'
Driver info: org.openqa.selenium.chrome.ChromeDriver
Capabilities {acceptInsecureCerts: false, browserName: chrome, browserVersion: 83.0.4103.61, chrome: {chromedriverVersion: 83.0.4103.39 (ccbf011cb2d2b..., userDataDir: C:\Users\RAISIG~1\AppData\L...}, goog:chromeOptions: {debuggerAddress: localhost:63857}, javascriptEnabled: true, networkConnectionEnabled: false, pageLoadStrategy: normal, platform: WINDOWS, platformName: WINDOWS, proxy: Proxy(), setWindowRect: true, strictFileInteractability: false, timeouts: {implicit: 0, pageLoad: 300000, script: 30000}, unhandledPromptBehavior: dismiss and notify, webauthn:virtualAuthenticators: true}
Session ID: 11100db72c5c7f6a66e537f6537e8a2d
at org.openqa.selenium.remote.http.W3CHttpResponseCodec.createException(W3CHttpResponseCodec.java:187)
at org.openqa.selenium.remote.http.W3CHttpResponseCodec.decode(W3CHttpResponseCodec.java:122)
at org.openqa.selenium.remote.http.W3CHttpResponseCodec.decode(W3CHttpResponseCodec.java:49)
at org.openqa.selenium.remote.HttpCommandExecutor.execute(HttpCommandExecutor.java:158)
at org.openqa.selenium.remote.service.DriverCommandExecutor.execute(DriverCommandExecutor.java:83)
at org.openqa.selenium.remote.RemoteWebDriver.execute(RemoteWebDriver.java:552)
at org.openqa.selenium.remote.RemoteWebElement.execute(RemoteWebElement.java:285)
at org.openqa.selenium.remote.RemoteWebElement.click(RemoteWebElement.java:84)
at org.openqa.selenium.support.pagefactory.internal.LocatingElementHandler.invoke(LocatingElementHandler.java:51)
at com.sun.proxy.$Proxy9.click(Unknown Source)
at com.mirketa.pages.Accountpage.clickonsave(Accountpage.java:80)
at Lead_Creation_Allocation.ExistingOpportunity_TC07.LeadCreation_ExistingOpportunity_TC07(ExistingOpportunity_TC07.java:139)
at java.util.ArrayList.forEach(ArrayList.java:1257)
... Removed 34 stack frames]]>
    </failure>
  </testcase> <!-- LeadCreation_ExistingOpportunity_TC07 -->
</testsuite> <!-- Lead_Field_TC07 -->
