<?xml version="1.0" encoding="UTF-8"?>
<!-- Generated by org.testng.reporters.JUnitXMLReporter -->
<testsuite hostname="Ravi" ignored="0" name="Lead_Field_TC08" tests="2" failures="0" timestamp="2020-10-01T10:26:38 IST" time="597.671" errors="0">
  <testcase name="Test_Config15" time="66.349" classname="Leads_Configurations.Lead_Config15"/>
  <testcase name="LeadCreation_ExistingOpportunity_TC08" time="420.797" classname="Lead_Creation_Allocation.ExistingOpportunity_TC08"/>
</testsuite> <!-- Lead_Field_TC08 -->
