<?xml version="1.0" encoding="UTF-8"?>
<!-- Generated by org.testng.reporters.JUnitXMLReporter -->
<testsuite hostname="Ravi" ignored="0" name="Lead_Field_TC01" tests="2" failures="0" timestamp="2020-10-05T16:13:15 IST" time="726.002" errors="0">
  <testcase name="Test_Config21" time="160.563" classname="Leads_Configurations.Lead_Config21"/>
  <testcase name="LeadCreation_LeadRBAFilter_TC14" time="448.854" classname="Lead_Creation_Allocation.LeadRBAFilters_TC14"/>
</testsuite> <!-- Lead_Field_TC01 -->
