<?xml version="1.0" encoding="UTF-8"?>
<!-- Generated by org.testng.reporters.JUnitXMLReporter -->
<testsuite hostname="Ravi" ignored="0" name="Lead_Field_TC01" tests="2" failures="0" timestamp="2020-09-22T17:29:47 IST" time="604.435" errors="0">
  <testcase name="Test_Config18" time="127.762" classname="Leads_Configurations.Lead_Config18"/>
  <testcase name="LeadCreation_LeadRBAFilter_TC11" time="379.943" classname="Lead_Creation_Allocation.LeadRBAFilters_TC11"/>
</testsuite> <!-- Lead_Field_TC01 -->
