<?xml version="1.0" encoding="UTF-8"?>
<!-- Generated by org.testng.reporters.JUnitXMLReporter -->
<testsuite hostname="Ravi" ignored="0" name="Lead_Field_TC01" tests="2" failures="0" timestamp="2020-09-29T11:01:03 IST" time="384.829" errors="0">
  <testcase name="Test_Config12" time="68.45" classname="Leads_Configurations.Lead_Config12"/>
  <testcase name="LeadCreation_ExistingOpportunity_TC05" time="206.421" classname="Lead_Creation_Allocation.ExistingOpportunity_TC05"/>
</testsuite> <!-- Lead_Field_TC01 -->
