<?xml version="1.0" encoding="UTF-8"?>
<!-- Generated by org.testng.reporters.JUnitXMLReporter -->
<testsuite hostname="Ravi" ignored="0" name="Lead_Field_TC01" tests="2" failures="0" timestamp="2020-09-30T14:01:59 IST" time="654.583" errors="0">
  <testcase name="Test_Config21" time="109.872" classname="Leads_Configurations.Lead_Config21"/>
  <testcase name="LeadCreation_LeadRBAFilter_TC14" time="425.722" classname="Lead_Creation_Allocation.LeadRBAFilters_TC14"/>
</testsuite> <!-- Lead_Field_TC01 -->
