<?xml version="1.0" encoding="UTF-8"?>
<!-- Generated by org.testng.reporters.JUnitXMLReporter -->
<testsuite hostname="Ravi" ignored="0" name="Leads_Allocation_config4" tests="2" failures="0" timestamp="2020-12-16T16:55:49 IST" time="509.453" errors="0">
  <testcase name="Test_Config3" time="58.318" classname="Leads_Configurations.Lead_Config4"/>
  <testcase name="LeadCreation_config4" time="348.467" classname="Lead_Creation_Allocation.Leads_Allocation_config4"/>
</testsuite> <!-- Leads_Allocation_config4 -->
