<?xml version="1.0" encoding="UTF-8"?>
<!-- Generated by org.testng.reporters.JUnitXMLReporter -->
<testsuite hostname="Ravi" ignored="0" name="Test" tests="4" failures="0" timestamp="2020-09-09T14:59:07 IST" time="858.129" errors="0">
  <testcase name="TestCaseConfig1" time="55.871" classname="Opp_Configuration.Opp_caseconfig2"/>
  <testcase name="OpportunityCreation_config1" time="174.308" classname="OppCreation_Allocation.Pre_OppAllocation_config83"/>
  <testcase name="TestCaseConfig1" time="55.563" classname="Opp_Configuration.Opp_caseconfig83"/>
  <testcase name="OpportunityCreation_config83" time="337.031" classname="OppCreation_Allocation.Opp_Allocation_config83"/>
</testsuite> <!-- Test -->
