<?xml version="1.0" encoding="UTF-8"?>
<!-- Generated by org.testng.reporters.JUnitXMLReporter -->
<testsuite hostname="Ravi" ignored="0" name="LeadRBAFilters_TC13" tests="2" failures="0" timestamp="2020-10-21T12:47:38 IST" time="702.936" errors="0">
  <testcase name="Test_Config20" time="153.106" classname="Leads_Configurations.Lead_Config20"/>
  <testcase name="LeadCreation_LeadRBAFilter_TC13" time="442.91" classname="Lead_Creation_Allocation.LeadRBAFilters_TC13"/>
</testsuite> <!-- LeadRBAFilters_TC13 -->
