<?xml version="1.0" encoding="UTF-8"?>
<!-- Generated by org.testng.reporters.JUnitXMLReporter -->
<testsuite hostname="Ravi" ignored="0" name="Test" tests="2" failures="1" timestamp="2020-12-20T12:19:46 IST" time="378.457" errors="0">
  <testcase name="TestCaseConfig82" time="52.044" classname="Opp_Configuration.Opp_caseconfig82">
    <failure type="java.lang.AssertionError" message="Opportunity Configuration data was  not submitted successfully expected [true] but found [false]">
      <![CDATA[java.lang.AssertionError: Opportunity Configuration data was  not submitted successfully expected [true] but found [false]
at Opp_Configuration.Opp_caseconfig82.TestCaseConfig82(Opp_caseconfig82.java:107)
at java.util.ArrayList.forEach(ArrayList.java:1257)
... Removed 30 stack frames]]>
    </failure>
  </testcase> <!-- TestCaseConfig82 -->
  <testcase name="OpportunityCreation_config82" time="222.947" classname="OppCreation_Allocation.Opp_Allocation_config82"/>
</testsuite> <!-- Test -->
