<?xml version="1.0" encoding="UTF-8"?>
<!-- Generated by org.testng.reporters.JUnitXMLReporter -->
<testsuite hostname="Ravi" ignored="0" name="ExistingAccountFilter_TC11" tests="2" failures="1" timestamp="2020-12-02T10:08:38 IST" time="621.92" errors="0">
  <testcase name="Test_Config25" time="123.733" classname="Leads_Configurations.Lead_Config25">
    <failure type="java.lang.AssertionError" message="Lead Configuration data was  not submitted successfully expected [true] but found [false]">
      <![CDATA[java.lang.AssertionError: Lead Configuration data was  not submitted successfully expected [true] but found [false]
at Leads_Configurations.Lead_Config25.Test_Config25(Lead_Config25.java:158)
at java.util.ArrayList.forEach(ArrayList.java:1257)
... Removed 30 stack frames]]>
    </failure>
  </testcase> <!-- Test_Config25 -->
  <testcase name="LeadCreation_ExistingAccountFilter_TC11" time="384.292" classname="Lead_Creation_Allocation.ExistingAccountFilter_TC11"/>
</testsuite> <!-- ExistingAccountFilter_TC11 -->
