<?xml version="1.0" encoding="UTF-8"?>
<!-- Generated by org.testng.reporters.JUnitXMLReporter -->
<testsuite hostname="Ravi" ignored="0" name="CaseAllocation_14" tests="2" failures="0" timestamp="2020-12-04T15:07:18 IST" time="444.765" errors="0">
  <testcase name="TestCaseConfig14" time="66.291" classname="Caseconfiguration.CaseConfig14"/>
  <testcase name="CaseCreation_config14" time="288.167" classname="CaseCreation_Allocation.CaseAllocation_config14"/>
</testsuite> <!-- CaseAllocation_14 -->
