<?xml version="1.0" encoding="UTF-8"?>
<!-- Generated by org.testng.reporters.JUnitXMLReporter -->
<testsuite hostname="Ravi" ignored="0" name="CaseAllocation_7" tests="4" failures="0" timestamp="2020-12-21T11:54:19 IST" time="906.386" errors="0">
  <testcase name="PreRBAcaseconfig" time="64.497" classname="Caseconfiguration.PreRbacaseconfig"/>
  <testcase name="PreRBAcaseAllocation7" time="279.865" classname="CaseCreation_Allocation.preRbaCaseAllocationconfig7"/>
  <testcase name="TestCaseConfig5" time="64.34" classname="Caseconfiguration.CaseConfig7"/>
  <testcase name="CaseCreation_config7" time="291.086" classname="CaseCreation_Allocation.CaseAllocation_config7"/>
</testsuite> <!-- CaseAllocation_7 -->
