<?xml version="1.0" encoding="UTF-8"?>
<!-- Generated by org.testng.reporters.JUnitXMLReporter -->
<testsuite hostname="Ravi" ignored="0" name="Lead_Config_1283" tests="3" failures="0" timestamp="2020-10-21T18:17:51 IST" time="1122.375" errors="0">
  <testcase name="Test_Config3" time="58.11" classname="Lead_Scenarios.Lead_Config3"/>
  <testcase name="DefineTeamSetup" time="579.293" classname="Lead_Scenarios.Lead_DefineTeams"/>
  <testcase name="LeadCreation_config2" time="337.206" classname="Lead_Scenarios.Leads_Allocation_config2"/>
</testsuite> <!-- Lead_Config_1283 -->
