<?xml version="1.0" encoding="UTF-8"?>
<!-- Generated by org.testng.reporters.JUnitXMLReporter -->
<testsuite hostname="Ravi" ignored="0" name="Test" tests="2" failures="1" timestamp="2020-12-20T13:26:29 IST" time="724.76" errors="0">
  <testcase name="TestCaseConfig1" time="52.115" classname="Opp_Configuration.Opp_caseconfig1">
    <failure type="java.lang.AssertionError" message="Opportunity Configuration data was  not submitted successfully expected [true] but found [false]">
      <![CDATA[java.lang.AssertionError: Opportunity Configuration data was  not submitted successfully expected [true] but found [false]
at Opp_Configuration.Opp_caseconfig1.TestCaseConfig1(Opp_caseconfig1.java:109)
at java.util.ArrayList.forEach(ArrayList.java:1257)
... Removed 30 stack frames]]>
    </failure>
  </testcase> <!-- TestCaseConfig1 -->
  <testcase name="OpportunityCreation_config1" time="565.145" classname="OppCreation_Allocation.Opp_Allocation_config1"/>
</testsuite> <!-- Test -->
