<?xml version="1.0" encoding="UTF-8"?>
<!-- Generated by org.testng.reporters.JUnitXMLReporter -->
<testsuite hostname="Ravi" ignored="0" name="ExistingOpportunityFilter_TC15" tests="2" failures="0" timestamp="2020-12-16T16:25:23 IST" time="658.582" errors="0">
  <testcase name="Test_Config29" time="185.698" classname="Leads_Configurations.Lead_Config29"/>
  <testcase name="LeadCreation_ExistingOpportunity_TC15" time="365.56" classname="Lead_Creation_Allocation.ExistingOpportunityFilter_TC15"/>
</testsuite> <!-- ExistingOpportunityFilter_TC15 -->
