<?xml version="1.0" encoding="UTF-8"?>
<!-- Generated by org.testng.reporters.JUnitXMLReporter -->
<testsuite hostname="Ravi" ignored="0" name="AccountConfig8" tests="2" failures="0" timestamp="2020-11-29T19:46:14 IST" time="485.272" errors="0">
  <testcase name="TestAccountConfig8" time="69.131" classname="Accountconfiguration.AccountConfig8"/>
  <testcase name="AccountCreation_config8" time="308.146" classname="AccountCreation_Allocation.AccountAllocation_config8"/>
</testsuite> <!-- AccountConfig8 -->
