<?xml version="1.0" encoding="UTF-8"?>
<!-- Generated by org.testng.reporters.JUnitXMLReporter -->
<testsuite hostname="Ravi" ignored="0" name="Test" tests="4" failures="0" timestamp="2020-12-02T19:02:25 IST" time="825.752" errors="0">
  <testcase name="TestCaseConfig1" time="54.142" classname="Opp_Configuration.Opp_caseconfig2"/>
  <testcase name="OpportunityCreation_config84" time="164.285" classname="OppCreation_Allocation.Pre_OppAllocation_config84"/>
  <testcase name="TestCaseConfig1" time="54.123" classname="Opp_Configuration.Opp_caseconfig84"/>
  <testcase name="OpportunityCreation_config84" time="332.699" classname="OppCreation_Allocation.Opp_Allocation_config84"/>
</testsuite> <!-- Test -->
