<?xml version="1.0" encoding="UTF-8"?>
<!-- Generated by org.testng.reporters.JUnitXMLReporter -->
<testsuite hostname="Ravi" ignored="0" name="Test" tests="4" failures="0" timestamp="2020-12-20T12:53:40 IST" time="870.168" errors="0">
  <testcase name="TestCaseConfig1" time="54.053" classname="Opp_Configuration.Opp_caseconfig2"/>
  <testcase name="OpportunityCreation_config84" time="182.575" classname="OppCreation_Allocation.Pre_OppAllocation_config84"/>
  <testcase name="TestCaseConfig1" time="54.001" classname="Opp_Configuration.Opp_caseconfig84"/>
  <testcase name="OpportunityCreation_config84" time="351.557" classname="OppCreation_Allocation.Opp_Allocation_config84"/>
</testsuite> <!-- Test -->
