<?xml version="1.0" encoding="UTF-8"?>
<!-- Generated by org.testng.reporters.JUnitXMLReporter -->
<testsuite hostname="Ravi" ignored="0" name="LeadRBAFilters_TC12" tests="2" failures="0" timestamp="2020-12-16T10:37:54 IST" time="605.45" errors="0">
  <testcase name="Test_Config19" time="127.971" classname="Leads_Configurations.Lead_Config19"/>
  <testcase name="LeadCreation_LeadRBAFilter_TC12" time="368.256" classname="Lead_Creation_Allocation.LeadRBAFilters_TC12"/>
</testsuite> <!-- LeadRBAFilters_TC12 -->
