<?xml version="1.0" encoding="UTF-8"?>
<!-- Generated by org.testng.reporters.JUnitXMLReporter -->
<testsuite hostname="Ravi" ignored="0" name="AccountConfig5" tests="2" failures="0" timestamp="2020-12-17T12:08:48 IST" time="545.061" errors="0">
  <testcase name="TestAccountConfig5" time="69.225" classname="Accountconfiguration.AccountConfig5"/>
  <testcase name="AccountCreation_config5" time="362.801" classname="AccountCreation_Allocation.AccountAllocation_config5"/>
</testsuite> <!-- AccountConfig5 -->
