<?xml version="1.0" encoding="UTF-8"?>
<testng-results skipped="0" failed="0" ignored="0" total="2" passed="2">
  <reporter-output>
  </reporter-output>
  <suite name="Lead_scenario_1" duration-ms="570564" started-at="2020-09-18T18:12:06 IST" finished-at="2020-09-18T18:21:37 IST">
    <groups>
    </groups>
    <test name="Lead_Field_TC01" duration-ms="570564" started-at="2020-09-18T18:12:06 IST" finished-at="2020-09-18T18:21:37 IST">
      <class name="Lead_Creation_Allocation.LeadFields_TC10">
        <test-method status="PASS" signature="setUp()[pri:0, instance:Lead_Creation_Allocation.LeadFields_TC10@17579e0f]" name="setUp" is-config="true" duration-ms="39515" started-at="2020-09-18T18:14:03 IST" finished-at="2020-09-18T18:14:42 IST">
          <reporter-output>
          </reporter-output>
        </test-method> <!-- setUp -->
        <test-method status="PASS" signature="LeadCreation_LeadFields_TC10()[pri:0, instance:Lead_Creation_Allocation.LeadFields_TC10@17579e0f]" name="LeadCreation_LeadFields_TC10" duration-ms="413767" started-at="2020-09-18T18:14:42 IST" finished-at="2020-09-18T18:21:36 IST">
          <reporter-output>
          </reporter-output>
        </test-method> <!-- LeadCreation_LeadFields_TC10 -->
        <test-method status="PASS" signature="teardown(org.testng.ITestResult)[pri:0, instance:Lead_Creation_Allocation.LeadFields_TC10@17579e0f]" name="teardown" is-config="true" duration-ms="639" started-at="2020-09-18T18:21:36 IST" finished-at="2020-09-18T18:21:37 IST">
          <params>
            <param index="0">
              <value>
                <![CDATA[[TestResult name=LeadCreation_LeadFields_TC10 status=SUCCESS method=LeadFields_TC10.LeadCreation_LeadFields_TC10()[pri:0, instance:Lead_Creation_Allocation.LeadFields_TC10@17579e0f] output={null}]]]>
              </value>
            </param>
          </params>
          <reporter-output>
          </reporter-output>
        </test-method> <!-- teardown -->
      </class> <!-- Lead_Creation_Allocation.LeadFields_TC10 -->
      <class name="Leads_Configurations.Lead_Config7">
        <test-method status="PASS" signature="setUp()[pri:0, instance:Leads_Configurations.Lead_Config7@4b1c1ea0]" name="setUp" is-config="true" duration-ms="51637" started-at="2020-09-18T18:12:06 IST" finished-at="2020-09-18T18:12:58 IST">
          <reporter-output>
          </reporter-output>
        </test-method> <!-- setUp -->
        <test-method status="PASS" signature="Test_Config7()[pri:0, instance:Leads_Configurations.Lead_Config7@4b1c1ea0]" name="Test_Config7" duration-ms="64221" started-at="2020-09-18T18:12:58 IST" finished-at="2020-09-18T18:14:02 IST">
          <reporter-output>
          </reporter-output>
        </test-method> <!-- Test_Config7 -->
        <test-method status="PASS" signature="teardown(org.testng.ITestResult)[pri:0, instance:Leads_Configurations.Lead_Config7@4b1c1ea0]" name="teardown" is-config="true" duration-ms="756" started-at="2020-09-18T18:14:02 IST" finished-at="2020-09-18T18:14:03 IST">
          <params>
            <param index="0">
              <value>
                <![CDATA[[TestResult name=Test_Config7 status=SUCCESS method=Lead_Config7.Test_Config7()[pri:0, instance:Leads_Configurations.Lead_Config7@4b1c1ea0] output={null}]]]>
              </value>
            </param>
          </params>
          <reporter-output>
          </reporter-output>
        </test-method> <!-- teardown -->
      </class> <!-- Leads_Configurations.Lead_Config7 -->
    </test> <!-- Lead_Field_TC01 -->
  </suite> <!-- Lead_scenario_1 -->
</testng-results>
