<?xml version="1.0" encoding="UTF-8"?>
<testng-results skipped="0" failed="0" ignored="0" total="1" passed="1">
  <reporter-output>
  </reporter-output>
  <suite name="Default suite" duration-ms="170449" started-at="2020-12-21T14:24:45 IST" finished-at="2020-12-21T14:27:36 IST">
    <groups>
    </groups>
    <test name="Default test" duration-ms="170449" started-at="2020-12-21T14:24:45 IST" finished-at="2020-12-21T14:27:36 IST">
      <class name="CaseDistribution.CaseManualDistribution17">
        <test-method status="PASS" signature="setUp()[pri:0, instance:CaseDistribution.CaseManualDistribution17@51684e4a]" name="setUp" is-config="true" duration-ms="46152" started-at="2020-12-21T14:24:45 IST" finished-at="2020-12-21T14:25:31 IST">
          <reporter-output>
          </reporter-output>
        </test-method> <!-- setUp -->
        <test-method status="PASS" signature="CaseManualDistribution9()[pri:0, instance:CaseDistribution.CaseManualDistribution17@51684e4a]" name="CaseManualDistribution9" duration-ms="123259" started-at="2020-12-21T14:25:31 IST" finished-at="2020-12-21T14:27:35 IST">
          <reporter-output>
          </reporter-output>
        </test-method> <!-- CaseManualDistribution9 -->
        <test-method status="PASS" signature="teardown(org.testng.ITestResult)[pri:0, instance:CaseDistribution.CaseManualDistribution17@51684e4a]" name="teardown" is-config="true" duration-ms="910" started-at="2020-12-21T14:27:35 IST" finished-at="2020-12-21T14:27:36 IST">
          <params>
            <param index="0">
              <value>
                <![CDATA[[TestResult name=CaseManualDistribution9 status=SUCCESS method=CaseManualDistribution17.CaseManualDistribution9()[pri:0, instance:CaseDistribution.CaseManualDistribution17@51684e4a] output={null}]]]>
              </value>
            </param>
          </params>
          <reporter-output>
          </reporter-output>
        </test-method> <!-- teardown -->
      </class> <!-- CaseDistribution.CaseManualDistribution17 -->
    </test> <!-- Default test -->
  </suite> <!-- Default suite -->
</testng-results>
