<?xml version="1.0" encoding="UTF-8"?>
<testng-results skipped="0" failed="0" ignored="0" total="1" passed="1">
  <reporter-output>
  </reporter-output>
  <suite name="Default suite" duration-ms="131313" started-at="2020-10-22T18:04:01 IST" finished-at="2020-10-22T18:06:13 IST">
    <groups>
    </groups>
    <test name="Default test" duration-ms="131313" started-at="2020-10-22T18:04:01 IST" finished-at="2020-10-22T18:06:13 IST">
      <class name="ContactConfiguration.ContactConfig1">
        <test-method status="PASS" signature="setUp()[pri:0, instance:ContactConfiguration.ContactConfig1@31500940]" name="setUp" is-config="true" duration-ms="61198" started-at="2020-10-22T18:04:01 IST" finished-at="2020-10-22T18:05:03 IST">
          <reporter-output>
          </reporter-output>
        </test-method> <!-- setUp -->
        <test-method status="PASS" signature="TestContactConfig1()[pri:0, instance:ContactConfiguration.ContactConfig1@31500940]" name="TestContactConfig1" duration-ms="69027" started-at="2020-10-22T18:05:03 IST" finished-at="2020-10-22T18:06:12 IST">
          <reporter-output>
          </reporter-output>
        </test-method> <!-- TestContactConfig1 -->
        <test-method status="PASS" signature="teardown(org.testng.ITestResult)[pri:0, instance:ContactConfiguration.ContactConfig1@31500940]" name="teardown" is-config="true" duration-ms="962" started-at="2020-10-22T18:06:12 IST" finished-at="2020-10-22T18:06:13 IST">
          <params>
            <param index="0">
              <value>
                <![CDATA[[TestResult name=TestContactConfig1 status=SUCCESS method=ContactConfig1.TestContactConfig1()[pri:0, instance:ContactConfiguration.ContactConfig1@31500940] output={null}]]]>
              </value>
            </param>
          </params>
          <reporter-output>
          </reporter-output>
        </test-method> <!-- teardown -->
      </class> <!-- ContactConfiguration.ContactConfig1 -->
    </test> <!-- Default test -->
  </suite> <!-- Default suite -->
</testng-results>
