<?xml version="1.0" encoding="UTF-8"?>
<!-- Generated by org.testng.reporters.JUnitXMLReporter -->
<testsuite hostname="Ravi" ignored="0" name="CaseAllocation_16" tests="2" failures="0" timestamp="2020-12-21T14:10:28 IST" time="574.285" errors="0">
  <testcase name="TestCaseConfig16" time="66.411" classname="Caseconfiguration.CaseConfig16"/>
  <testcase name="CaseCreation_config16" time="417.434" classname="CaseCreation_Allocation.CaseAllocation_config16"/>
</testsuite> <!-- CaseAllocation_16 -->
