<?xml version="1.0" encoding="UTF-8"?>
<!-- Generated by org.testng.reporters.JUnitXMLReporter -->
<testsuite hostname="Ravi" ignored="0" name="AccountConfig11" tests="4" failures="0" timestamp="2020-12-17T13:38:43 IST" time="941.958" errors="0">
  <testcase name="TestAccountConfig11" time="69.115" classname="Accountconfiguration.AccountConfig11"/>
  <testcase name="AccountCreation_config11" time="366.026" classname="AccountCreation_Allocation.AccountAllocation_config11"/>
  <testcase name="EditTeamsetup" time="83.988" classname="EditTeamSetupAccount.EditTeamAcc_config11"/>
  <testcase name="AccountManualDistribution11" time="221.243" classname="AccountDistribution.ManualDistributionAccountt11"/>
</testsuite> <!-- AccountConfig11 -->
