<?xml version="1.0" encoding="UTF-8"?>
<!-- Generated by org.testng.reporters.JUnitXMLReporter -->
<testsuite hostname="Ravi" ignored="0" name="ExistingOpportunity_TC06" tests="2" failures="0" timestamp="2020-12-02T10:41:11 IST" time="517.859" errors="0">
  <testcase name="Test_Config13" time="66.46" classname="Leads_Configurations.Lead_Config13"/>
  <testcase name="LeadCreation_ExistingOpportunity_TC06" time="348.459" classname="Lead_Creation_Allocation.ExistingOpportunity_TC06"/>
</testsuite> <!-- ExistingOpportunity_TC06 -->
