<?xml version="1.0" encoding="UTF-8"?>
<!-- Generated by org.testng.reporters.JUnitXMLReporter -->
<testsuite hostname="Ravi" ignored="0" name="ExistingOpportunity_TC06" tests="2" failures="0" timestamp="2020-12-16T13:20:09 IST" time="521.045" errors="0">
  <testcase name="Test_Config13" time="66.431" classname="Leads_Configurations.Lead_Config13"/>
  <testcase name="LeadCreation_ExistingOpportunity_TC06" time="351.261" classname="Lead_Creation_Allocation.ExistingOpportunity_TC06"/>
</testsuite> <!-- ExistingOpportunity_TC06 -->
