<?xml version="1.0" encoding="UTF-8"?>
<!-- Generated by org.testng.reporters.JUnitXMLReporter -->
<testsuite hostname="Ravi" ignored="0" name="CaseAllocation_12" tests="2" failures="0" timestamp="2020-12-04T14:16:19 IST" time="424.802" errors="0">
  <testcase name="TestCaseConfig12" time="64.124" classname="Caseconfiguration.CaseConfig12"/>
  <testcase name="CaseCreation_config12" time="275.234" classname="CaseCreation_Allocation.CaseAllocation_config12"/>
</testsuite> <!-- CaseAllocation_12 -->
