<?xml version="1.0" encoding="UTF-8"?>
<!-- Generated by org.testng.reporters.JUnitXMLReporter -->
<testsuite hostname="Ravi" ignored="0" name="AccountConfig9" tests="4" failures="0" timestamp="2020-11-29T20:17:41 IST" time="905.297" errors="0">
  <testcase name="TestAccountConfig9" time="69.094" classname="Accountconfiguration.AccountConfig9"/>
  <testcase name="AccountCreation_config9" time="328.595" classname="AccountCreation_Allocation.AccountAllocation_config9"/>
  <testcase name="EditTeamsetup" time="58.08" classname="EditTeamSetupAccount.EditTeamAcc_config09"/>
  <testcase name="AccountManualDistribution9" time="243.462" classname="AccountDistribution.ManualDistributionAccount09"/>
</testsuite> <!-- AccountConfig9 -->
