<?xml version="1.0" encoding="UTF-8"?>
<!-- Generated by org.testng.reporters.JUnitXMLReporter -->
<testsuite hostname="Ravi" ignored="0" name="ExistingAccount_TC05" tests="2" failures="0" timestamp="2020-12-16T11:51:03 IST" time="332.95" errors="0">
  <testcase name="Test_Config11" time="62.222" classname="Leads_Configurations.Lead_Config11"/>
  <testcase name="LeadCreation_ExistingAccount_TC05" time="155.706" classname="Lead_Creation_Allocation.ExistingAccount_TC05"/>
</testsuite> <!-- ExistingAccount_TC05 -->
