<?xml version="1.0" encoding="UTF-8"?>
<!-- Generated by org.testng.reporters.JUnitXMLReporter -->
<testsuite hostname="Ravi" ignored="0" name="ExistingAccount_TC04" tests="2" failures="0" timestamp="2020-10-21T13:03:45 IST" time="308.065" errors="0">
  <testcase name="Test_Config11" time="64.069" classname="Leads_Configurations.Lead_Config11"/>
  <testcase name="LeadCreation_ExistingAccount_TC04" time="120.156" classname="Lead_Creation_Allocation.ExistingAccount_TC04"/>
</testsuite> <!-- ExistingAccount_TC04 -->
