<?xml version="1.0" encoding="UTF-8"?>
<!-- Generated by org.testng.reporters.JUnitXMLReporter -->
<testsuite hostname="Ravi" ignored="0" name="ExistingAccount_TC04" tests="2" failures="0" timestamp="2020-12-16T11:42:58 IST" time="317.333" errors="0">
  <testcase name="Test_Config11" time="62.172" classname="Leads_Configurations.Lead_Config11"/>
  <testcase name="LeadCreation_ExistingAccount_TC04" time="156.858" classname="Lead_Creation_Allocation.ExistingAccount_TC04"/>
</testsuite> <!-- ExistingAccount_TC04 -->
