<?xml version="1.0" encoding="UTF-8"?>
<!-- Generated by org.testng.reporters.JUnitXMLReporter -->
<testsuite hostname="Ravi" ignored="0" name="ExistingOpportunityFilter_TC11" tests="2" failures="0" timestamp="2020-12-16T15:31:09 IST" time="587.366" errors="0">
  <testcase name="Test_Config26" time="159.98" classname="Leads_Configurations.Lead_Config26"/>
  <testcase name="LeadCreation_ExistingOpportunity_TC11" time="321.836" classname="Lead_Creation_Allocation.ExistingOpportunityFilter_TC11"/>
</testsuite> <!-- ExistingOpportunityFilter_TC11 -->
