<?xml version="1.0" encoding="UTF-8"?>
<!-- Generated by org.testng.reporters.JUnitXMLReporter -->
<testsuite hostname="Ravi" ignored="0" name="CaseAllocation_8" tests="4" failures="0" timestamp="2020-12-21T12:21:44 IST" time="862.196" errors="0">
  <testcase name="PreRBAcaseconfigOnline" time="64.215" classname="Caseconfiguration.preRbaCaseconfigonline"/>
  <testcase name="PreRBAcaseAllocation8" time="261.131" classname="CaseCreation_Allocation.PreRbaCaseAllocation8Online"/>
  <testcase name="TestCaseConfig5" time="64.214" classname="Caseconfiguration.CaseConfig8"/>
  <testcase name="CaseCreation_config8" time="278.789" classname="CaseCreation_Allocation.CaseAllocation_config8"/>
</testsuite> <!-- CaseAllocation_8 -->
