<?xml version="1.0" encoding="UTF-8"?>
<!-- Generated by org.testng.reporters.JUnitXMLReporter -->
<testsuite hostname="LAPTOP-UVUDJI20" ignored="0" name="QAscenariotest1" tests="3" failures="0" timestamp="2020-07-19T11:58:38 IST" time="677.404" errors="0">
  <testcase name="TestCaseConfig5" time="56.981" classname="com.mirketa.testcase.qat54.QAT54_CaseConfiguration5Test"/>
  <testcase name="TestCaseRRDUserCreation" time="179.009" classname="com.mirketa.addRRDuser.addRRDUser"/>
  <testcase name="CaseCreationTest" time="297.411" classname="QAT67_CaseCreation.Casecreatedscenario"/>
</testsuite> <!-- QAscenariotest1 -->
