<?xml version="1.0" encoding="UTF-8"?>
<!-- Generated by org.testng.reporters.JUnitXMLReporter -->
<testsuite hostname="Ravi" ignored="0" name="Opportunity_scenario_2" tests="2" failures="0" timestamp="2020-10-13T18:39:19 IST" time="744.849" errors="0">
  <testcase name="TestCaseConfig1" time="54.426" classname="Opp_Configuration.Opp_caseconfig2"/>
  <testcase name="OpportunityCreation_config2" time="576.665" classname="OppCreation_Allocation.Opp_Allocation_config2"/>
</testsuite> <!-- Opportunity_scenario_2 -->
