<?xml version="1.0" encoding="UTF-8"?>
<!-- Generated by org.testng.reporters.JUnitXMLReporter -->
<testsuite hostname="Ravi" ignored="0" name="ExistingOpportunityFilter_TC10" tests="2" failures="0" timestamp="2020-12-02T11:40:07 IST" time="426.913" errors="0">
  <testcase name="Test_Config30" time="109.839" classname="Leads_Configurations.Lead_Config30"/>
  <testcase name="LeadCreation_ExistingOpportunity_TC10" time="200.478" classname="Lead_Creation_Allocation.ExistingOpportunityFilter_TC10"/>
</testsuite> <!-- ExistingOpportunityFilter_TC10 -->
