<?xml version="1.0" encoding="UTF-8"?>
<!-- Generated by org.testng.reporters.JUnitXMLReporter -->
<testsuite hostname="LAPTOP-UVUDJI20" ignored="0" name="DefineTeam_Case" tests="2" failures="1" timestamp="2020-07-21T11:32:50 IST" time="417.22" errors="0">
  <testcase name="Scenario2" time="126.762" classname="Scenario_DefTeam_Case.Scenario2test"/>
  <testcase name="CaseCreationTest" time="190.972" classname="Scenario_DefTeam_Case.Casecreation">
    <failure type="java.lang.AssertionError" message="Assigned RRD user name is not matching expected [true] but found [false]">
      <![CDATA[java.lang.AssertionError: Assigned RRD user name is not matching expected [true] but found [false]
at Scenario_DefTeam_Case.Casecreation.CaseCreationTest(Casecreation.java:230)
at java.util.ArrayList.forEach(ArrayList.java:1257)
... Removed 30 stack frames]]>
    </failure>
  </testcase> <!-- CaseCreationTest -->
</testsuite> <!-- DefineTeam_Case -->
